<?xml version="1.0" encoding="UTF-8"?>
<!-- Generated by org.testng.reporters.JUnitReportReporter -->
<testsuite hostname="LAPTOP-KQFUI4GJ" failures="0" tests="1" name="test.BaseClass" time="16.096" errors="0" timestamp="2023-01-03T15:51:05 IST" skipped="0">
  <testcase classname="test.BaseClass" name="Firsttest" time="16.096"/>
  <system-out/>
</testsuite> <!-- test.BaseClass -->
